# JRE version: Java(TM) SE Runtime Environment (8.0_77-b03) (build 1.8.0_77-b03)
# Java VM: Java HotSpot(TM) 64-Bit Server VM (25.77-b03 mixed mode windows-amd64 compressed oops)
Heap:
 PSYoungGen      total 190976K, used 5453K [0x00000000eab00000, 0x0000000100000000, 0x0000000100000000)
  eden space 116736K, 4% used [0x00000000eab00000,0x00000000eb0534c0,0x00000000f1d00000)
  from space 74240K, 0% used [0x00000000fb780000,0x00000000fb780000,0x0000000100000000)
  to   space 116224K, 0% used [0x00000000f1d00000,0x00000000f1d00000,0x00000000f8e80000)
 ParOldGen       total 343552K, used 125838K [0x00000000c0000000, 0x00000000d4f80000, 0x00000000eab00000)
  object space 343552K, 36% used [0x00000000c0000000,0x00000000c7ae3b10,0x00000000d4f80000)
 Metaspace       used 6509K, capacity 7256K, committed 7424K, reserved 1056768K
  class space    used 622K, capacity 656K, committed 768K, reserved 1048576K
GC Heap History (10 events):
Event: 21.276 GC heap before
{Heap before GC invocations=7 (full 2):
 PSYoungGen      total 138240K, used 133120K [0x00000000eab00000, 0x0000000100000000, 0x0000000100000000)
  eden space 133120K, 100% used [0x00000000eab00000,0x00000000f2d00000,0x00000000f2d00000)
  from space 5120K, 0% used [0x00000000f2d00000,0x00000000f2d00000,0x00000000f3200000)
  to   space 47616K, 0% used [0x00000000fd180000,0x00000000fd180000,0x0000000100000000)
 ParOldGen       total 87552K, used 72492K [0x00000000c0000000, 0x00000000c5580000, 0x00000000eab00000)
  object space 87552K, 82% used [0x00000000c0000000,0x00000000c46cb3b0,0x00000000c5580000)
 Metaspace       used 6499K, capacity 7192K, committed 7424K, reserved 1056768K
  class space    used 622K, capacity 656K, committed 768K, reserved 1048576K
Event: 22.437 GC heap after
Heap after GC invocations=7 (full 2):
 PSYoungGen      total 138240K, used 0K [0x00000000eab00000, 0x0000000100000000, 0x0000000100000000)
  eden space 133120K, 0% used [0x00000000eab00000,0x00000000eab00000,0x00000000f2d00000)
  from space 5120K, 0% used [0x00000000f2d00000,0x00000000f2d00000,0x00000000f3200000)
  to   space 47616K, 0% used [0x00000000fd180000,0x00000000fd180000,0x0000000100000000)
 ParOldGen       total 232448K, used 78916K [0x00000000c0000000, 0x00000000ce300000, 0x00000000eab00000)
  object space 232448K, 33% used [0x00000000c0000000,0x00000000c4d11288,0x00000000ce300000)
 Metaspace       used 6499K, capacity 7192K, committed 7424K, reserved 1056768K
  class space    used 622K, capacity 656K, committed 768K, reserved 1048576K
}
Event: 22.728 GC heap before
{Heap before GC invocations=8 (full 2):
 PSYoungGen      total 138240K, used 133120K [0x00000000eab00000, 0x0000000100000000, 0x0000000100000000)
  eden space 133120K, 100% used [0x00000000eab00000,0x00000000f2d00000,0x00000000f2d00000)
  from space 5120K, 0% used [0x00000000f2d00000,0x00000000f2d00000,0x00000000f3200000)
  to   space 47616K, 0% used [0x00000000fd180000,0x00000000fd180000,0x0000000100000000)
 ParOldGen       total 232448K, used 78916K [0x00000000c0000000, 0x00000000ce300000, 0x00000000eab00000)
  object space 232448K, 33% used [0x00000000c0000000,0x00000000c4d11288,0x00000000ce300000)
 Metaspace       used 6500K, capacity 7192K, committed 7424K, reserved 1056768K
  class space    used 622K, capacity 656K, committed 768K, reserved 1048576K
Event: 22.789 GC heap after
Heap after GC invocations=8 (full 2):
 PSYoungGen      total 196608K, used 47608K [0x00000000eab00000, 0x0000000100000000, 0x0000000100000000)
  eden space 148992K, 0% used [0x00000000eab00000,0x00000000eab00000,0x00000000f3c80000)
  from space 47616K, 99% used [0x00000000fd180000,0x00000000ffffe2e8,0x0000000100000000)
  to   space 74240K, 0% used [0x00000000f6f00000,0x00000000f6f00000,0x00000000fb780000)
 ParOldGen       total 232448K, used 105369K [0x00000000c0000000, 0x00000000ce300000, 0x00000000eab00000)
  object space 232448K, 45% used [0x00000000c0000000,0x00000000c66e6508,0x00000000ce300000)
 Metaspace       used 6500K, capacity 7192K, committed 7424K, reserved 1056768K
  class space    used 622K, capacity 656K, committed 768K, reserved 1048576K
}
Event: 23.003 GC heap before
{Heap before GC invocations=9 (full 2):
 PSYoungGen      total 196608K, used 196600K [0x00000000eab00000, 0x0000000100000000, 0x0000000100000000)
  eden space 148992K, 100% used [0x00000000eab00000,0x00000000f3c80000,0x00000000f3c80000)
  from space 47616K, 99% used [0x00000000fd180000,0x00000000ffffe2e8,0x0000000100000000)
  to   space 74240K, 0% used [0x00000000f6f00000,0x00000000f6f00000,0x00000000fb780000)
 ParOldGen       total 232448K, used 105369K [0x00000000c0000000, 0x00000000ce300000, 0x00000000eab00000)
  object space 232448K, 45% used [0x00000000c0000000,0x00000000c66e6508,0x00000000ce300000)
 Metaspace       used 6501K, capacity 7256K, committed 7424K, reserved 1056768K
  class space    used 622K, capacity 656K, committed 768K, reserved 1048576K
Event: 23.083 GC heap after
Heap after GC invocations=9 (full 2):
 PSYoungGen      total 274944K, used 74238K [0x00000000eab00000, 0x0000000100000000, 0x0000000100000000)
  eden space 200704K, 0% used [0x00000000eab00000,0x00000000eab00000,0x00000000f6f00000)
  from space 74240K, 99% used [0x00000000f6f00000,0x00000000fb77f818,0x00000000fb780000)
  to   space 74240K, 0% used [0x00000000fb780000,0x00000000fb780000,0x0000000100000000)
 ParOldGen       total 232448K, used 146928K [0x00000000c0000000, 0x00000000ce300000, 0x00000000eab00000)
  object space 232448K, 63% used [0x00000000c0000000,0x00000000c8f7c120,0x00000000ce300000)
 Metaspace       used 6501K, capacity 7256K, committed 7424K, reserved 1056768K
  class space    used 622K, capacity 656K, committed 768K, reserved 1048576K
}
Event: 23.793 GC heap before
{Heap before GC invocations=10 (full 2):
 PSYoungGen      total 274944K, used 274942K [0x00000000eab00000, 0x0000000100000000, 0x0000000100000000)
  eden space 200704K, 100% used [0x00000000eab00000,0x00000000f6f00000,0x00000000f6f00000)
  from space 74240K, 99% used [0x00000000f6f00000,0x00000000fb77f818,0x00000000fb780000)
  to   space 74240K, 0% used [0x00000000fb780000,0x00000000fb780000,0x0000000100000000)
 ParOldGen       total 232448K, used 146928K [0x00000000c0000000, 0x00000000ce300000, 0x00000000eab00000)
  object space 232448K, 63% used [0x00000000c0000000,0x00000000c8f7c120,0x00000000ce300000)
 Metaspace       used 6509K, capacity 7256K, committed 7424K, reserved 1056768K
  class space    used 622K, capacity 656K, committed 768K, reserved 1048576K
Event: 23.907 GC heap after
Heap after GC invocations=10 (full 2):
 PSYoungGen      total 190976K, used 74220K [0x00000000eab00000, 0x0000000100000000, 0x0000000100000000)
  eden space 116736K, 0% used [0x00000000eab00000,0x00000000eab00000,0x00000000f1d00000)
  from space 74240K, 99% used [0x00000000fb780000,0x00000000ffffb248,0x0000000100000000)
  to   space 116224K, 0% used [0x00000000f1d00000,0x00000000f1d00000,0x00000000f8e80000)
 ParOldGen       total 232448K, used 181759K [0x00000000c0000000, 0x00000000ce300000, 0x00000000eab00000)
  object space 232448K, 78% used [0x00000000c0000000,0x00000000cb17fcf8,0x00000000ce300000)
 Metaspace       used 6509K, capacity 7256K, committed 7424K, reserved 1056768K
  class space    used 622K, capacity 656K, committed 768K, reserved 1048576K
}
Event: 23.907 GC heap before
{Heap before GC invocations=11 (full 3):
 PSYoungGen      total 190976K, used 74220K [0x00000000eab00000, 0x0000000100000000, 0x0000000100000000)
  eden space 116736K, 0% used [0x00000000eab00000,0x00000000eab00000,0x00000000f1d00000)
  from space 74240K, 99% used [0x00000000fb780000,0x00000000ffffb248,0x0000000100000000)
  to   space 116224K, 0% used [0x00000000f1d00000,0x00000000f1d00000,0x00000000f8e80000)
 ParOldGen       total 232448K, used 181759K [0x00000000c0000000, 0x00000000ce300000, 0x00000000eab00000)
  object space 232448K, 78% used [0x00000000c0000000,0x00000000cb17fcf8,0x00000000ce300000)
 Metaspace       used 6509K, capacity 7256K, committed 7424K, reserved 1056768K
  class space    used 622K, capacity 656K, committed 768K, reserved 1048576K
Event: 26.092 GC heap after
Heap after GC invocations=11 (full 3):
 PSYoungGen      total 190976K, used 0K [0x00000000eab00000, 0x0000000100000000, 0x0000000100000000)
  eden space 116736K, 0% used [0x00000000eab00000,0x00000000eab00000,0x00000000f1d00000)
  from space 74240K, 0% used [0x00000000fb780000,0x00000000fb780000,0x0000000100000000)
  to   space 116224K, 0% used [0x00000000f1d00000,0x00000000f1d00000,0x00000000f8e80000)
 ParOldGen       total 343552K, used 125838K [0x00000000c0000000, 0x00000000d4f80000, 0x00000000eab00000)
  object space 343552K, 36% used [0x00000000c0000000,0x00000000c7ae3b10,0x00000000d4f80000)
 Metaspace       used 6509K, capacity 7256K, committed 7424K, reserved 1056768K
  class space    used 622K, capacity 656K, committed 768K, reserved 1048576K
}

